LocationManager/app/build/intermediates/manifest_merge_blame_file/debug/manifest-merger-blame-debug-report.txt
1<?xml version="1.0" encoding="utf-8"?>
2<manifest xmlns:android="http://schemas.android.com/apk/res/android"
3    package="com.example.locationmanager"
4    android:versionCode="1"
5    android:versionName="1.0" >
6
7    <uses-sdk
8        android:minSdkVersion="23"
8-->src\main\AndroidManifest.xml
9        android:targetSdkVersion="31" />
9-->src\main\AndroidManifest.xml
10
11    <uses-permission android:name="android.permission.WRITE_EXTERNAL_STORAGE" >
11-->src\main\AndroidManifest.xml:5:5-7:23
11-->src\main\AndroidManifest.xml:6:9-65
12    </uses-permission>
13    <uses-permission android:name="android.permission.READ_EXTERNAL_STORAGE" >
13-->src\main\AndroidManifest.xml:8:5-10:23
13-->src\main\AndroidManifest.xml:9:9-64
14    </uses-permission>
15    <uses-permission android:name="android.permission.WRITE_INTERNAL_STORAGE" >
15-->src\main\AndroidManifest.xml:12:5-14:23
15-->src\main\AndroidManifest.xml:13:9-65
16    </uses-permission>
17    <uses-permission android:name="android.permission.READ_INTERNAL_STORAGE" >
17-->src\main\AndroidManifest.xml:15:5-17:23
17-->src\main\AndroidManifest.xml:16:9-64
18    </uses-permission>
19
20    <application
20-->src\main\AndroidManifest.xml:20:5-36:19
21        android:allowBackup="true"
21-->src\main\AndroidManifest.xml:21:9-35
22        android:appComponentFactory="androidx.core.app.CoreComponentFactory"
22-->[androidx.core:core:1.7.0] AndroidManifest.xml:24:18-86
23        android:debuggable="true"
24        android:extractNativeLibs="false"
25        android:icon="@mipmap/ic_launcher"
25-->src\main\AndroidManifest.xml:22:9-43
26        android:label="@string/app_name"
26-->src\main\AndroidManifest.xml:23:9-41
27        android:roundIcon="@mipmap/ic_launcher_round"
27-->src\main\AndroidManifest.xml:24:9-54
28        android:supportsRtl="true"
28-->src\main\AndroidManifest.xml:25:9-35
29        android:testOnly="true"
30        android:theme="@style/Theme.LocationManager" >
30-->src\main\AndroidManifest.xml:26:9-53
31        <activity
31-->src\main\AndroidManifest.xml:27:9-35:20
32            android:name="com.example.locationmanager.MainActivity"
32-->src\main\AndroidManifest.xml:28:13-41
33            android:exported="true" >
33-->src\main\AndroidManifest.xml:29:13-36
34            <intent-filter>
34-->src\main\AndroidManifest.xml:30:13-34:29
35                <action android:name="android.intent.action.MAIN" />
35-->src\main\AndroidManifest.xml:31:17-69
35-->src\main\AndroidManifest.xml:31:25-66
36
37                <category android:name="android.intent.category.LAUNCHER" />
37-->src\main\AndroidManifest.xml:33:17-77
37-->src\main\AndroidManifest.xml:33:27-74
38            </intent-filter>
39        </activity>
40
41        <provider
41-->[androidx.emoji2:emoji2:1.0.0] AndroidManifest.xml:26:9-34:20
42            android:name="androidx.startup.InitializationProvider"
42-->[androidx.emoji2:emoji2:1.0.0] AndroidManifest.xml:27:13-67
43            android:authorities="com.example.locationmanager.androidx-startup"
43-->[androidx.emoji2:emoji2:1.0.0] AndroidManifest.xml:28:13-68
44            android:exported="false" >
44-->[androidx.emoji2:emoji2:1.0.0] AndroidManifest.xml:29:13-37
45            <meta-data
45-->[androidx.emoji2:emoji2:1.0.0] AndroidManifest.xml:31:13-33:52
46                android:name="androidx.emoji2.text.EmojiCompatInitializer"
46-->[androidx.emoji2:emoji2:1.0.0] AndroidManifest.xml:32:17-75
47                android:value="androidx.startup" />
47-->[androidx.emoji2:emoji2:1.0.0] AndroidManifest.xml:33:17-49
48            <meta-data
48-->[androidx.lifecycle:lifecycle-process:2.4.0] AndroidManifest.xml:31:13-33:52
49                android:name="androidx.lifecycle.ProcessLifecycleInitializer"
49-->[androidx.lifecycle:lifecycle-process:2.4.0] AndroidManifest.xml:32:17-78
50                android:value="androidx.startup" />
50-->[androidx.lifecycle:lifecycle-process:2.4.0] AndroidManifest.xml:33:17-49
51        </provider>
52    </application>
53
54</manifest>